<?xml version="1.0" encoding="UTF-8"?>
<!-- Generated by org.testng.reporters.JUnitReportReporter -->
<testsuite hostname="BLRWX23157" failures="0" tests="1" name="com.Everest.DemoProject.TestClassLogin" time="11.746" errors="0" timestamp="27 Mar 2020 05:22:18 GMT" skipped="0">
  <testcase classname="com.Everest.DemoProject.TestClassLogin" name="Test1" time="11.746"/>
</testsuite> <!-- com.Everest.DemoProject.TestClassLogin -->
