<?xml version="1.0" encoding="UTF-8"?>
<!-- Generated by org.testng.reporters.JUnitReportReporter -->
<testsuite hostname="BLRWX23157" failures="0" tests="1" name="com.Everest.DemoProject.TestClass1" time="11.870" errors="0" timestamp="27 Mar 2020 04:34:25 GMT" skipped="0">
  <testcase classname="com.Everest.DemoProject.TestClass1" name="Test1" time="11.870"/>
</testsuite> <!-- com.Everest.DemoProject.TestClass1 -->
