<?xml version="1.0" encoding="UTF-8"?>
<!-- Generated by org.testng.reporters.JUnitReportReporter -->
<testsuite hostname="BLRWX23157" failures="0" tests="1" name="com.Everest.DemoProject.TestClassLogin" time="11.573" errors="0" timestamp="27 Mar 2020 06:09:38 GMT">
  <testcase classname="com.Everest.DemoProject.TestClassLogin" name="Test1" time="11.573"/>
</testsuite> <!-- com.Everest.DemoProject.TestClassLogin -->
